<?xml version="1.0" encoding="UTF-8"?>
<testng-results ignored="0" total="1" passed="1" failed="0" skipped="0">
  <reporter-output>
  </reporter-output>
  <suite started-at="2025-04-15T16:45:53 IST" name="Surefire suite" finished-at="2025-04-15T16:45:53 IST" duration-ms="38">
    <groups>
    </groups>
    <test started-at="2025-04-15T16:45:53 IST" name="Surefire test" finished-at="2025-04-15T16:45:53 IST" duration-ms="38">
      <class name="selenium.AutomateWebTest.AppTest">
        <test-method signature="testApp()[pri:0, instance:testApp(selenium.AutomateWebTest.AppTest)]" started-at="2025-04-15T16:45:53 IST" name="testApp" finished-at="2025-04-15T16:45:53 IST" duration-ms="7" status="PASS">
          <reporter-output>
          </reporter-output>
        </test-method> <!-- testApp -->
      </class> <!-- selenium.AutomateWebTest.AppTest -->
    </test> <!-- Surefire test -->
  </suite> <!-- Surefire suite -->
</testng-results>
