<?xml version="1.0" encoding="UTF-8"?>
<!-- Generated by org.testng.reporters.JUnitXMLReporter -->
<testsuite ignored="0" hostname="PC18" failures="0" tests="4" name="Default test" time="1.104" errors="0" timestamp="2025-04-16T11:51:51 IST">
  <testcase classname="com.tesing.Test.TestNgAnnotations" name="A" time="0.025"/>
  <testcase classname="com.tesing.Test.TestNgAnnotations" name="a" time="0.008"/>
  <testcase classname="com.tesing.Test.TestNgAnnotations" name="j" time="0.007"/>
  <testcase classname="com.tesing.Test.TestNgAnnotations" name="v" time="0.853"/>
</testsuite> <!-- Default test -->
