<?xml version="1.0" encoding="UTF-8"?>
<testng-results ignored="0" total="4" passed="4" failed="0" skipped="0">
  <reporter-output>
  </reporter-output>
  <suite started-at="2025-04-16T11:51:50 IST" name="Default suite" finished-at="2025-04-16T11:51:51 IST" duration-ms="1104">
    <groups>
    </groups>
    <test started-at="2025-04-16T11:51:50 IST" name="Default test" finished-at="2025-04-16T11:51:51 IST" duration-ms="1104">
      <class name="com.tesing.Test.TestNgAnnotations">
        <test-method is-config="true" signature="beforeSuite()[pri:0, instance:com.tesing.Test.TestNgAnnotations@1a4013]" started-at="2025-04-16T11:51:50 IST" name="beforeSuite" finished-at="2025-04-16T11:51:50 IST" duration-ms="26" status="PASS">
          <reporter-output>
          </reporter-output>
        </test-method> <!-- beforeSuite -->
        <test-method is-config="true" signature="beforeTest()[pri:0, instance:com.tesing.Test.TestNgAnnotations@1a4013]" started-at="2025-04-16T11:51:50 IST" name="beforeTest" finished-at="2025-04-16T11:51:50 IST" duration-ms="4" status="PASS">
          <reporter-output>
          </reporter-output>
        </test-method> <!-- beforeTest -->
        <test-method is-config="true" signature="beforeClass()[pri:0, instance:com.tesing.Test.TestNgAnnotations@1a4013]" started-at="2025-04-16T11:51:50 IST" name="beforeClass" finished-at="2025-04-16T11:51:50 IST" duration-ms="1" status="PASS">
          <reporter-output>
          </reporter-output>
        </test-method> <!-- beforeClass -->
        <test-method is-config="true" signature="beforeMethod()[pri:0, instance:com.tesing.Test.TestNgAnnotations@1a4013]" started-at="2025-04-16T11:51:50 IST" name="beforeMethod" finished-at="2025-04-16T11:51:50 IST" duration-ms="1" status="PASS">
          <reporter-output>
          </reporter-output>
        </test-method> <!-- beforeMethod -->
        <test-method signature="A()[pri:0, instance:com.tesing.Test.TestNgAnnotations@1a4013]" started-at="2025-04-16T11:51:50 IST" name="A" finished-at="2025-04-16T11:51:50 IST" duration-ms="25" status="PASS">
          <reporter-output>
          </reporter-output>
        </test-method> <!-- A -->
        <test-method is-config="true" signature="afterMethod()[pri:0, instance:com.tesing.Test.TestNgAnnotations@1a4013]" started-at="2025-04-16T11:51:50 IST" name="afterMethod" finished-at="2025-04-16T11:51:50 IST" duration-ms="3" status="PASS">
          <reporter-output>
          </reporter-output>
        </test-method> <!-- afterMethod -->
        <test-method is-config="true" signature="beforeMethod()[pri:0, instance:com.tesing.Test.TestNgAnnotations@1a4013]" started-at="2025-04-16T11:51:50 IST" name="beforeMethod" finished-at="2025-04-16T11:51:50 IST" duration-ms="0" status="PASS">
          <reporter-output>
          </reporter-output>
        </test-method> <!-- beforeMethod -->
        <test-method signature="a()[pri:0, instance:com.tesing.Test.TestNgAnnotations@1a4013]" started-at="2025-04-16T11:51:50 IST" name="a" finished-at="2025-04-16T11:51:50 IST" duration-ms="8" status="PASS">
          <reporter-output>
          </reporter-output>
        </test-method> <!-- a -->
        <test-method is-config="true" signature="afterMethod()[pri:0, instance:com.tesing.Test.TestNgAnnotations@1a4013]" started-at="2025-04-16T11:51:50 IST" name="afterMethod" finished-at="2025-04-16T11:51:50 IST" duration-ms="2" status="PASS">
          <reporter-output>
          </reporter-output>
        </test-method> <!-- afterMethod -->
        <test-method is-config="true" signature="beforeMethod()[pri:0, instance:com.tesing.Test.TestNgAnnotations@1a4013]" started-at="2025-04-16T11:51:50 IST" name="beforeMethod" finished-at="2025-04-16T11:51:50 IST" duration-ms="1" status="PASS">
          <reporter-output>
          </reporter-output>
        </test-method> <!-- beforeMethod -->
        <test-method signature="j()[pri:0, instance:com.tesing.Test.TestNgAnnotations@1a4013]" started-at="2025-04-16T11:51:50 IST" name="j" finished-at="2025-04-16T11:51:50 IST" duration-ms="7" status="PASS">
          <reporter-output>
          </reporter-output>
        </test-method> <!-- j -->
        <test-method is-config="true" signature="afterMethod()[pri:0, instance:com.tesing.Test.TestNgAnnotations@1a4013]" started-at="2025-04-16T11:51:50 IST" name="afterMethod" finished-at="2025-04-16T11:51:50 IST" duration-ms="3" status="PASS">
          <reporter-output>
          </reporter-output>
        </test-method> <!-- afterMethod -->
        <test-method is-config="true" signature="beforeMethod()[pri:0, instance:com.tesing.Test.TestNgAnnotations@1a4013]" started-at="2025-04-16T11:51:50 IST" name="beforeMethod" finished-at="2025-04-16T11:51:50 IST" duration-ms="1" status="PASS">
          <reporter-output>
          </reporter-output>
        </test-method> <!-- beforeMethod -->
        <test-method signature="v()[pri:0, instance:com.tesing.Test.TestNgAnnotations@1a4013]" started-at="2025-04-16T11:51:50 IST" name="v" finished-at="2025-04-16T11:51:51 IST" duration-ms="853" status="PASS">
          <reporter-output>
          </reporter-output>
        </test-method> <!-- v -->
        <test-method is-config="true" signature="afterMethod()[pri:0, instance:com.tesing.Test.TestNgAnnotations@1a4013]" started-at="2025-04-16T11:51:51 IST" name="afterMethod" finished-at="2025-04-16T11:51:51 IST" duration-ms="2" status="PASS">
          <reporter-output>
          </reporter-output>
        </test-method> <!-- afterMethod -->
        <test-method is-config="true" signature="afterClass()[pri:0, instance:com.tesing.Test.TestNgAnnotations@1a4013]" started-at="2025-04-16T11:51:51 IST" name="afterClass" finished-at="2025-04-16T11:51:51 IST" duration-ms="1" status="PASS">
          <reporter-output>
          </reporter-output>
        </test-method> <!-- afterClass -->
        <test-method is-config="true" signature="afterTest()[pri:0, instance:com.tesing.Test.TestNgAnnotations@1a4013]" started-at="2025-04-16T11:51:51 IST" name="afterTest" finished-at="2025-04-16T11:51:51 IST" duration-ms="1" status="PASS">
          <reporter-output>
          </reporter-output>
        </test-method> <!-- afterTest -->
        <test-method is-config="true" signature="afterSuite()[pri:0, instance:com.tesing.Test.TestNgAnnotations@1a4013]" started-at="2025-04-16T11:51:51 IST" name="afterSuite" finished-at="2025-04-16T11:51:51 IST" duration-ms="1" status="PASS">
          <reporter-output>
          </reporter-output>
        </test-method> <!-- afterSuite -->
      </class> <!-- com.tesing.Test.TestNgAnnotations -->
    </test> <!-- Default test -->
  </suite> <!-- Default suite -->
</testng-results>
